<?xml version="1.0" encoding="UTF-8"?>
<testng-results skipped="0" failed="0" total="1" passed="1">
  <reporter-output>
  </reporter-output>
  <suite name="Default suite" duration-ms="13600" started-at="2019-01-11T11:47:25Z" finished-at="2019-01-11T11:47:38Z">
    <groups>
    </groups>
    <test name="Default test" duration-ms="13600" started-at="2019-01-11T11:47:25Z" finished-at="2019-01-11T11:47:38Z">
      <class name="executableClass.chk">
        <test-method status="PASS" signature="BrowserBanner()[pri:0, instance:executableClass.chk@5442a311]" name="BrowserBanner" duration-ms="13533" started-at="2019-01-11T17:17:25Z" finished-at="2019-01-11T17:17:38Z">
          <reporter-output>
          </reporter-output>
        </test-method> <!-- BrowserBanner -->
      </class> <!-- executableClass.chk -->
    </test> <!-- Default test -->
  </suite> <!-- Default suite -->
</testng-results>
