<?xml version="1.0" encoding="UTF-8"?>
<testng-results skipped="0" failed="0" total="1" passed="1">
  <reporter-output>
  </reporter-output>
  <suite name="Default suite" duration-ms="13104" started-at="2019-01-14T11:20:57Z" finished-at="2019-01-14T11:21:10Z">
    <groups>
    </groups>
    <test name="Default test" duration-ms="13104" started-at="2019-01-14T11:20:57Z" finished-at="2019-01-14T11:21:10Z">
      <class name="executableClass.chk">
        <test-method status="PASS" signature="BrowserBanner()[pri:0, instance:executableClass.chk@1a968a59]" name="BrowserBanner" duration-ms="13021" started-at="2019-01-14T16:50:57Z" finished-at="2019-01-14T16:51:10Z">
          <reporter-output>
          </reporter-output>
        </test-method> <!-- BrowserBanner -->
      </class> <!-- executableClass.chk -->
    </test> <!-- Default test -->
  </suite> <!-- Default suite -->
</testng-results>
